<?xml version="1.0" encoding="UTF-8"?>
<testsuite xmlns:xsi="http://www.w3.org/2001/XMLSchema-instance" xsi:noNamespaceSchemaLocation="https://maven.apache.org/surefire/maven-surefire-plugin/xsd/surefire-test-report.xsd" name="com.example.ctrip.CtripApplicationTests" time="0" tests="1" errors="1" skipped="0" failures="0">
  <properties>
    <property name="sun.desktop" value="windows"/>
    <property name="awt.toolkit" value="sun.awt.windows.WToolkit"/>
    <property name="file.encoding.pkg" value="sun.io"/>
    <property name="java.specification.version" value="1.8"/>
    <property name="sun.cpu.isalist" value="amd64"/>
    <property name="sun.jnu.encoding" value="GBK"/>
    <property name="java.class.path" value="F:\360MoveData\Users\Administrator\Desktop\桌面文件\第三小组项目\ctrip\target\test-classes;F:\360MoveData\Users\Administrator\Desktop\桌面文件\第三小组项目\ctrip\target\classes;F:\Maven\apache-maven-3.6.1\MavenRepository\org\springframework\boot\spring-boot-starter-web\2.1.6.RELEASE\spring-boot-starter-web-2.1.6.RELEASE.jar;F:\Maven\apache-maven-3.6.1\MavenRepository\org\springframework\boot\spring-boot-starter\2.1.6.RELEASE\spring-boot-starter-2.1.6.RELEASE.jar;F:\Maven\apache-maven-3.6.1\MavenRepository\org\springframework\boot\spring-boot-starter-logging\2.1.6.RELEASE\spring-boot-starter-logging-2.1.6.RELEASE.jar;F:\Maven\apache-maven-3.6.1\MavenRepository\ch\qos\logback\logback-classic\1.2.3\logback-classic-1.2.3.jar;F:\Maven\apache-maven-3.6.1\MavenRepository\ch\qos\logback\logback-core\1.2.3\logback-core-1.2.3.jar;F:\Maven\apache-maven-3.6.1\MavenRepository\org\apache\logging\log4j\log4j-to-slf4j\2.11.2\log4j-to-slf4j-2.11.2.jar;F:\Maven\apache-maven-3.6.1\MavenRepository\org\apache\logging\log4j\log4j-api\2.11.2\log4j-api-2.11.2.jar;F:\Maven\apache-maven-3.6.1\MavenRepository\org\slf4j\jul-to-slf4j\1.7.26\jul-to-slf4j-1.7.26.jar;F:\Maven\apache-maven-3.6.1\MavenRepository\javax\annotation\javax.annotation-api\1.3.2\javax.annotation-api-1.3.2.jar;F:\Maven\apache-maven-3.6.1\MavenRepository\org\yaml\snakeyaml\1.23\snakeyaml-1.23.jar;F:\Maven\apache-maven-3.6.1\MavenRepository\org\springframework\boot\spring-boot-starter-json\2.1.6.RELEASE\spring-boot-starter-json-2.1.6.RELEASE.jar;F:\Maven\apache-maven-3.6.1\MavenRepository\com\fasterxml\jackson\core\jackson-databind\2.9.9\jackson-databind-2.9.9.jar;F:\Maven\apache-maven-3.6.1\MavenRepository\com\fasterxml\jackson\core\jackson-annotations\2.9.0\jackson-annotations-2.9.0.jar;F:\Maven\apache-maven-3.6.1\MavenRepository\com\fasterxml\jackson\core\jackson-core\2.9.9\jackson-core-2.9.9.jar;F:\Maven\apache-maven-3.6.1\MavenRepository\com\fasterxml\jackson\datatype\jackson-datatype-jdk8\2.9.9\jackson-datatype-jdk8-2.9.9.jar;F:\Maven\apache-maven-3.6.1\MavenRepository\com\fasterxml\jackson\datatype\jackson-datatype-jsr310\2.9.9\jackson-datatype-jsr310-2.9.9.jar;F:\Maven\apache-maven-3.6.1\MavenRepository\com\fasterxml\jackson\module\jackson-module-parameter-names\2.9.9\jackson-module-parameter-names-2.9.9.jar;F:\Maven\apache-maven-3.6.1\MavenRepository\org\springframework\boot\spring-boot-starter-tomcat\2.1.6.RELEASE\spring-boot-starter-tomcat-2.1.6.RELEASE.jar;F:\Maven\apache-maven-3.6.1\MavenRepository\org\apache\tomcat\embed\tomcat-embed-core\9.0.21\tomcat-embed-core-9.0.21.jar;F:\Maven\apache-maven-3.6.1\MavenRepository\org\apache\tomcat\embed\tomcat-embed-el\9.0.21\tomcat-embed-el-9.0.21.jar;F:\Maven\apache-maven-3.6.1\MavenRepository\org\apache\tomcat\embed\tomcat-embed-websocket\9.0.21\tomcat-embed-websocket-9.0.21.jar;F:\Maven\apache-maven-3.6.1\MavenRepository\org\hibernate\validator\hibernate-validator\6.0.17.Final\hibernate-validator-6.0.17.Final.jar;F:\Maven\apache-maven-3.6.1\MavenRepository\javax\validation\validation-api\2.0.1.Final\validation-api-2.0.1.Final.jar;F:\Maven\apache-maven-3.6.1\MavenRepository\org\jboss\logging\jboss-logging\3.3.2.Final\jboss-logging-3.3.2.Final.jar;F:\Maven\apache-maven-3.6.1\MavenRepository\com\fasterxml\classmate\1.4.0\classmate-1.4.0.jar;F:\Maven\apache-maven-3.6.1\MavenRepository\org\springframework\spring-web\5.1.8.RELEASE\spring-web-5.1.8.RELEASE.jar;F:\Maven\apache-maven-3.6.1\MavenRepository\org\springframework\spring-beans\5.1.8.RELEASE\spring-beans-5.1.8.RELEASE.jar;F:\Maven\apache-maven-3.6.1\MavenRepository\org\springframework\spring-webmvc\5.1.8.RELEASE\spring-webmvc-5.1.8.RELEASE.jar;F:\Maven\apache-maven-3.6.1\MavenRepository\org\springframework\spring-context\5.1.8.RELEASE\spring-context-5.1.8.RELEASE.jar;F:\Maven\apache-maven-3.6.1\MavenRepository\org\springframework\spring-expression\5.1.8.RELEASE\spring-expression-5.1.8.RELEASE.jar;F:\Maven\apache-maven-3.6.1\MavenRepository\org\springframework\boot\spring-boot-starter-test\2.1.6.RELEASE\spring-boot-starter-test-2.1.6.RELEASE.jar;F:\Maven\apache-maven-3.6.1\MavenRepository\org\springframework\boot\spring-boot-test-autoconfigure\2.1.6.RELEASE\spring-boot-test-autoconfigure-2.1.6.RELEASE.jar;F:\Maven\apache-maven-3.6.1\MavenRepository\com\jayway\jsonpath\json-path\2.4.0\json-path-2.4.0.jar;F:\Maven\apache-maven-3.6.1\MavenRepository\net\minidev\json-smart\2.3\json-smart-2.3.jar;F:\Maven\apache-maven-3.6.1\MavenRepository\net\minidev\accessors-smart\1.2\accessors-smart-1.2.jar;F:\Maven\apache-maven-3.6.1\MavenRepository\org\ow2\asm\asm\5.0.4\asm-5.0.4.jar;F:\Maven\apache-maven-3.6.1\MavenRepository\org\assertj\assertj-core\3.11.1\assertj-core-3.11.1.jar;F:\Maven\apache-maven-3.6.1\MavenRepository\org\mockito\mockito-core\2.23.4\mockito-core-2.23.4.jar;F:\Maven\apache-maven-3.6.1\MavenRepository\net\bytebuddy\byte-buddy\1.9.13\byte-buddy-1.9.13.jar;F:\Maven\apache-maven-3.6.1\MavenRepository\net\bytebuddy\byte-buddy-agent\1.9.13\byte-buddy-agent-1.9.13.jar;F:\Maven\apache-maven-3.6.1\MavenRepository\org\objenesis\objenesis\2.6\objenesis-2.6.jar;F:\Maven\apache-maven-3.6.1\MavenRepository\org\hamcrest\hamcrest-core\1.3\hamcrest-core-1.3.jar;F:\Maven\apache-maven-3.6.1\MavenRepository\org\hamcrest\hamcrest-library\1.3\hamcrest-library-1.3.jar;F:\Maven\apache-maven-3.6.1\MavenRepository\org\skyscreamer\jsonassert\1.5.0\jsonassert-1.5.0.jar;F:\Maven\apache-maven-3.6.1\MavenRepository\com\vaadin\external\google\android-json\0.0.20131108.vaadin1\android-json-0.0.20131108.vaadin1.jar;F:\Maven\apache-maven-3.6.1\MavenRepository\org\springframework\spring-core\5.1.8.RELEASE\spring-core-5.1.8.RELEASE.jar;F:\Maven\apache-maven-3.6.1\MavenRepository\org\springframework\spring-jcl\5.1.8.RELEASE\spring-jcl-5.1.8.RELEASE.jar;F:\Maven\apache-maven-3.6.1\MavenRepository\org\springframework\spring-test\5.1.8.RELEASE\spring-test-5.1.8.RELEASE.jar;F:\Maven\apache-maven-3.6.1\MavenRepository\org\xmlunit\xmlunit-core\2.6.2\xmlunit-core-2.6.2.jar;F:\Maven\apache-maven-3.6.1\MavenRepository\org\springframework\boot\spring-boot-devtools\2.0.1.RELEASE\spring-boot-devtools-2.0.1.RELEASE.jar;F:\Maven\apache-maven-3.6.1\MavenRepository\org\springframework\boot\spring-boot\2.1.6.RELEASE\spring-boot-2.1.6.RELEASE.jar;F:\Maven\apache-maven-3.6.1\MavenRepository\org\springframework\boot\spring-boot-autoconfigure\2.1.6.RELEASE\spring-boot-autoconfigure-2.1.6.RELEASE.jar;F:\Maven\apache-maven-3.6.1\MavenRepository\org\mybatis\spring\boot\mybatis-spring-boot-starter\1.3.0\mybatis-spring-boot-starter-1.3.0.jar;F:\Maven\apache-maven-3.6.1\MavenRepository\org\mybatis\spring\boot\mybatis-spring-boot-autoconfigure\1.3.0\mybatis-spring-boot-autoconfigure-1.3.0.jar;F:\Maven\apache-maven-3.6.1\MavenRepository\org\mybatis\mybatis\3.4.4\mybatis-3.4.4.jar;F:\Maven\apache-maven-3.6.1\MavenRepository\org\mybatis\mybatis-spring\1.3.1\mybatis-spring-1.3.1.jar;F:\Maven\apache-maven-3.6.1\MavenRepository\mysql\mysql-connector-java\5.1.43\mysql-connector-java-5.1.43.jar;F:\Maven\apache-maven-3.6.1\MavenRepository\org\springframework\boot\spring-boot-starter-jdbc\2.1.6.RELEASE\spring-boot-starter-jdbc-2.1.6.RELEASE.jar;F:\Maven\apache-maven-3.6.1\MavenRepository\com\zaxxer\HikariCP\3.2.0\HikariCP-3.2.0.jar;F:\Maven\apache-maven-3.6.1\MavenRepository\org\springframework\spring-jdbc\5.1.8.RELEASE\spring-jdbc-5.1.8.RELEASE.jar;F:\Maven\apache-maven-3.6.1\MavenRepository\org\projectlombok\lombok\1.18.8\lombok-1.18.8.jar;F:\Maven\apache-maven-3.6.1\MavenRepository\junit\junit\4.12\junit-4.12.jar;F:\Maven\apache-maven-3.6.1\MavenRepository\com\alibaba\fastjson\1.2.58\fastjson-1.2.58.jar;F:\Maven\apache-maven-3.6.1\MavenRepository\org\springframework\data\spring-data-redis\2.1.8.RELEASE\spring-data-redis-2.1.8.RELEASE.jar;F:\Maven\apache-maven-3.6.1\MavenRepository\org\springframework\data\spring-data-keyvalue\2.1.9.RELEASE\spring-data-keyvalue-2.1.9.RELEASE.jar;F:\Maven\apache-maven-3.6.1\MavenRepository\org\springframework\data\spring-data-commons\2.1.9.RELEASE\spring-data-commons-2.1.9.RELEASE.jar;F:\Maven\apache-maven-3.6.1\MavenRepository\org\springframework\spring-tx\5.1.8.RELEASE\spring-tx-5.1.8.RELEASE.jar;F:\Maven\apache-maven-3.6.1\MavenRepository\org\springframework\spring-oxm\5.1.8.RELEASE\spring-oxm-5.1.8.RELEASE.jar;F:\Maven\apache-maven-3.6.1\MavenRepository\org\springframework\spring-aop\5.1.8.RELEASE\spring-aop-5.1.8.RELEASE.jar;F:\Maven\apache-maven-3.6.1\MavenRepository\org\springframework\spring-context-support\5.1.8.RELEASE\spring-context-support-5.1.8.RELEASE.jar;F:\Maven\apache-maven-3.6.1\MavenRepository\org\slf4j\slf4j-api\1.7.26\slf4j-api-1.7.26.jar;F:\Maven\apache-maven-3.6.1\MavenRepository\org\springframework\boot\spring-boot-starter-data-redis\1.4.7.RELEASE\spring-boot-starter-data-redis-1.4.7.RELEASE.jar;F:\Maven\apache-maven-3.6.1\MavenRepository\redis\clients\jedis\2.9.3\jedis-2.9.3.jar;F:\Maven\apache-maven-3.6.1\MavenRepository\org\apache\commons\commons-pool2\2.6.2\commons-pool2-2.6.2.jar;F:\Maven\apache-maven-3.6.1\MavenRepository\org\jetbrains\annotations\17.0.0\annotations-17.0.0.jar;F:\Maven\apache-maven-3.6.1\MavenRepository\org\jsoup\jsoup\1.11.3\jsoup-1.11.3.jar;F:\Maven\apache-maven-3.6.1\MavenRepository\org\httpunit\httpunit\1.7.2\httpunit-1.7.2.jar;F:\Maven\apache-maven-3.6.1\MavenRepository\rhino\js\1.6R5\js-1.6R5.jar;F:\Maven\apache-maven-3.6.1\MavenRepository\nekohtml\nekohtml\0.9.5\nekohtml-0.9.5.jar;F:\Maven\apache-maven-3.6.1\MavenRepository\javax\servlet\servlet-api\2.4\servlet-api-2.4.jar;F:\Maven\apache-maven-3.6.1\MavenRepository\net\sf\jtidy\jtidy\r938\jtidy-r938.jar;F:\Maven\apache-maven-3.6.1\MavenRepository\xerces\xercesImpl\2.6.1\xercesImpl-2.6.1.jar;F:\Maven\apache-maven-3.6.1\MavenRepository\xerces\xmlParserAPIs\2.6.1\xmlParserAPIs-2.6.1.jar;F:\Maven\apache-maven-3.6.1\MavenRepository\org\junit\jupiter\junit-jupiter-api\5.5.1\junit-jupiter-api-5.5.1.jar;F:\Maven\apache-maven-3.6.1\MavenRepository\org\apiguardian\apiguardian-api\1.1.0\apiguardian-api-1.1.0.jar;F:\Maven\apache-maven-3.6.1\MavenRepository\org\opentest4j\opentest4j\1.2.0\opentest4j-1.2.0.jar;F:\Maven\apache-maven-3.6.1\MavenRepository\org\junit\platform\junit-platform-commons\1.3.2\junit-platform-commons-1.3.2.jar;F:\Maven\apache-maven-3.6.1\MavenRepository\org\springframework\boot\spring-boot-test\2.1.6.RELEASE\spring-boot-test-2.1.6.RELEASE.jar;F:\Maven\apache-maven-3.6.1\MavenRepository\commons-net\commons-net\3.3\commons-net-3.3.jar;F:\Maven\apache-maven-3.6.1\MavenRepository\com\aliyun\aliyun-java-sdk-core\4.0.3\aliyun-java-sdk-core-4.0.3.jar;F:\Maven\apache-maven-3.6.1\MavenRepository\com\google\code\gson\gson\2.8.5\gson-2.8.5.jar;F:\Maven\apache-maven-3.6.1\MavenRepository\org\apache\httpcomponents\httpclient\4.5.9\httpclient-4.5.9.jar;F:\Maven\apache-maven-3.6.1\MavenRepository\org\apache\httpcomponents\httpcore\4.4.11\httpcore-4.4.11.jar;F:\Maven\apache-maven-3.6.1\MavenRepository\commons-codec\commons-codec\1.11\commons-codec-1.11.jar;F:\Maven\apache-maven-3.6.1\MavenRepository\javax\xml\bind\jaxb-api\2.3.1\jaxb-api-2.3.1.jar;F:\Maven\apache-maven-3.6.1\MavenRepository\javax\activation\javax.activation-api\1.2.0\javax.activation-api-1.2.0.jar;F:\Maven\apache-maven-3.6.1\MavenRepository\com\sun\xml\bind\jaxb-core\2.1.14\jaxb-core-2.1.14.jar;F:\Maven\apache-maven-3.6.1\MavenRepository\com\sun\xml\bind\jaxb-impl\2.1\jaxb-impl-2.1.jar;F:\Maven\apache-maven-3.6.1\MavenRepository\javax\activation\activation\1.1.1\activation-1.1.1.jar;F:\Maven\apache-maven-3.6.1\MavenRepository\com\alipay\sdk\alipay-sdk-java\3.4.49.ALL\alipay-sdk-java-3.4.49.ALL.jar;F:\Maven\apache-maven-3.6.1\MavenRepository\commons-logging\commons-logging\1.1.1\commons-logging-1.1.1.jar;"/>
    <property name="java.vm.vendor" value="Oracle Corporation"/>
    <property name="sun.arch.data.model" value="64"/>
    <property name="user.variant" value=""/>
    <property name="java.vendor.url" value="http://java.oracle.com/"/>
    <property name="user.timezone" value="Asia/Shanghai"/>
    <property name="java.vm.specification.version" value="1.8"/>
    <property name="os.name" value="Windows 10"/>
    <property name="user.country" value="CN"/>
    <property name="sun.java.launcher" value="SUN_STANDARD"/>
    <property name="sun.boot.library.path" value="F:\jdk8\jre\bin"/>
    <property name="sun.java.command" value="C:\Users\ADMINI~1\AppData\Local\Temp\surefire6678620538633964673\surefirebooter6975215347390026657.jar C:\Users\Administrator\AppData\Local\Temp\surefire6678620538633964673 2019-09-06T09-16-52_262-jvmRun1 surefire814043760480219317tmp surefire_03980197580890995867tmp"/>
    <property name="surefire.test.class.path" value="F:\360MoveData\Users\Administrator\Desktop\桌面文件\第三小组项目\ctrip\target\test-classes;F:\360MoveData\Users\Administrator\Desktop\桌面文件\第三小组项目\ctrip\target\classes;F:\Maven\apache-maven-3.6.1\MavenRepository\org\springframework\boot\spring-boot-starter-web\2.1.6.RELEASE\spring-boot-starter-web-2.1.6.RELEASE.jar;F:\Maven\apache-maven-3.6.1\MavenRepository\org\springframework\boot\spring-boot-starter\2.1.6.RELEASE\spring-boot-starter-2.1.6.RELEASE.jar;F:\Maven\apache-maven-3.6.1\MavenRepository\org\springframework\boot\spring-boot-starter-logging\2.1.6.RELEASE\spring-boot-starter-logging-2.1.6.RELEASE.jar;F:\Maven\apache-maven-3.6.1\MavenRepository\ch\qos\logback\logback-classic\1.2.3\logback-classic-1.2.3.jar;F:\Maven\apache-maven-3.6.1\MavenRepository\ch\qos\logback\logback-core\1.2.3\logback-core-1.2.3.jar;F:\Maven\apache-maven-3.6.1\MavenRepository\org\apache\logging\log4j\log4j-to-slf4j\2.11.2\log4j-to-slf4j-2.11.2.jar;F:\Maven\apache-maven-3.6.1\MavenRepository\org\apache\logging\log4j\log4j-api\2.11.2\log4j-api-2.11.2.jar;F:\Maven\apache-maven-3.6.1\MavenRepository\org\slf4j\jul-to-slf4j\1.7.26\jul-to-slf4j-1.7.26.jar;F:\Maven\apache-maven-3.6.1\MavenRepository\javax\annotation\javax.annotation-api\1.3.2\javax.annotation-api-1.3.2.jar;F:\Maven\apache-maven-3.6.1\MavenRepository\org\yaml\snakeyaml\1.23\snakeyaml-1.23.jar;F:\Maven\apache-maven-3.6.1\MavenRepository\org\springframework\boot\spring-boot-starter-json\2.1.6.RELEASE\spring-boot-starter-json-2.1.6.RELEASE.jar;F:\Maven\apache-maven-3.6.1\MavenRepository\com\fasterxml\jackson\core\jackson-databind\2.9.9\jackson-databind-2.9.9.jar;F:\Maven\apache-maven-3.6.1\MavenRepository\com\fasterxml\jackson\core\jackson-annotations\2.9.0\jackson-annotations-2.9.0.jar;F:\Maven\apache-maven-3.6.1\MavenRepository\com\fasterxml\jackson\core\jackson-core\2.9.9\jackson-core-2.9.9.jar;F:\Maven\apache-maven-3.6.1\MavenRepository\com\fasterxml\jackson\datatype\jackson-datatype-jdk8\2.9.9\jackson-datatype-jdk8-2.9.9.jar;F:\Maven\apache-maven-3.6.1\MavenRepository\com\fasterxml\jackson\datatype\jackson-datatype-jsr310\2.9.9\jackson-datatype-jsr310-2.9.9.jar;F:\Maven\apache-maven-3.6.1\MavenRepository\com\fasterxml\jackson\module\jackson-module-parameter-names\2.9.9\jackson-module-parameter-names-2.9.9.jar;F:\Maven\apache-maven-3.6.1\MavenRepository\org\springframework\boot\spring-boot-starter-tomcat\2.1.6.RELEASE\spring-boot-starter-tomcat-2.1.6.RELEASE.jar;F:\Maven\apache-maven-3.6.1\MavenRepository\org\apache\tomcat\embed\tomcat-embed-core\9.0.21\tomcat-embed-core-9.0.21.jar;F:\Maven\apache-maven-3.6.1\MavenRepository\org\apache\tomcat\embed\tomcat-embed-el\9.0.21\tomcat-embed-el-9.0.21.jar;F:\Maven\apache-maven-3.6.1\MavenRepository\org\apache\tomcat\embed\tomcat-embed-websocket\9.0.21\tomcat-embed-websocket-9.0.21.jar;F:\Maven\apache-maven-3.6.1\MavenRepository\org\hibernate\validator\hibernate-validator\6.0.17.Final\hibernate-validator-6.0.17.Final.jar;F:\Maven\apache-maven-3.6.1\MavenRepository\javax\validation\validation-api\2.0.1.Final\validation-api-2.0.1.Final.jar;F:\Maven\apache-maven-3.6.1\MavenRepository\org\jboss\logging\jboss-logging\3.3.2.Final\jboss-logging-3.3.2.Final.jar;F:\Maven\apache-maven-3.6.1\MavenRepository\com\fasterxml\classmate\1.4.0\classmate-1.4.0.jar;F:\Maven\apache-maven-3.6.1\MavenRepository\org\springframework\spring-web\5.1.8.RELEASE\spring-web-5.1.8.RELEASE.jar;F:\Maven\apache-maven-3.6.1\MavenRepository\org\springframework\spring-beans\5.1.8.RELEASE\spring-beans-5.1.8.RELEASE.jar;F:\Maven\apache-maven-3.6.1\MavenRepository\org\springframework\spring-webmvc\5.1.8.RELEASE\spring-webmvc-5.1.8.RELEASE.jar;F:\Maven\apache-maven-3.6.1\MavenRepository\org\springframework\spring-context\5.1.8.RELEASE\spring-context-5.1.8.RELEASE.jar;F:\Maven\apache-maven-3.6.1\MavenRepository\org\springframework\spring-expression\5.1.8.RELEASE\spring-expression-5.1.8.RELEASE.jar;F:\Maven\apache-maven-3.6.1\MavenRepository\org\springframework\boot\spring-boot-starter-test\2.1.6.RELEASE\spring-boot-starter-test-2.1.6.RELEASE.jar;F:\Maven\apache-maven-3.6.1\MavenRepository\org\springframework\boot\spring-boot-test-autoconfigure\2.1.6.RELEASE\spring-boot-test-autoconfigure-2.1.6.RELEASE.jar;F:\Maven\apache-maven-3.6.1\MavenRepository\com\jayway\jsonpath\json-path\2.4.0\json-path-2.4.0.jar;F:\Maven\apache-maven-3.6.1\MavenRepository\net\minidev\json-smart\2.3\json-smart-2.3.jar;F:\Maven\apache-maven-3.6.1\MavenRepository\net\minidev\accessors-smart\1.2\accessors-smart-1.2.jar;F:\Maven\apache-maven-3.6.1\MavenRepository\org\ow2\asm\asm\5.0.4\asm-5.0.4.jar;F:\Maven\apache-maven-3.6.1\MavenRepository\org\assertj\assertj-core\3.11.1\assertj-core-3.11.1.jar;F:\Maven\apache-maven-3.6.1\MavenRepository\org\mockito\mockito-core\2.23.4\mockito-core-2.23.4.jar;F:\Maven\apache-maven-3.6.1\MavenRepository\net\bytebuddy\byte-buddy\1.9.13\byte-buddy-1.9.13.jar;F:\Maven\apache-maven-3.6.1\MavenRepository\net\bytebuddy\byte-buddy-agent\1.9.13\byte-buddy-agent-1.9.13.jar;F:\Maven\apache-maven-3.6.1\MavenRepository\org\objenesis\objenesis\2.6\objenesis-2.6.jar;F:\Maven\apache-maven-3.6.1\MavenRepository\org\hamcrest\hamcrest-core\1.3\hamcrest-core-1.3.jar;F:\Maven\apache-maven-3.6.1\MavenRepository\org\hamcrest\hamcrest-library\1.3\hamcrest-library-1.3.jar;F:\Maven\apache-maven-3.6.1\MavenRepository\org\skyscreamer\jsonassert\1.5.0\jsonassert-1.5.0.jar;F:\Maven\apache-maven-3.6.1\MavenRepository\com\vaadin\external\google\android-json\0.0.20131108.vaadin1\android-json-0.0.20131108.vaadin1.jar;F:\Maven\apache-maven-3.6.1\MavenRepository\org\springframework\spring-core\5.1.8.RELEASE\spring-core-5.1.8.RELEASE.jar;F:\Maven\apache-maven-3.6.1\MavenRepository\org\springframework\spring-jcl\5.1.8.RELEASE\spring-jcl-5.1.8.RELEASE.jar;F:\Maven\apache-maven-3.6.1\MavenRepository\org\springframework\spring-test\5.1.8.RELEASE\spring-test-5.1.8.RELEASE.jar;F:\Maven\apache-maven-3.6.1\MavenRepository\org\xmlunit\xmlunit-core\2.6.2\xmlunit-core-2.6.2.jar;F:\Maven\apache-maven-3.6.1\MavenRepository\org\springframework\boot\spring-boot-devtools\2.0.1.RELEASE\spring-boot-devtools-2.0.1.RELEASE.jar;F:\Maven\apache-maven-3.6.1\MavenRepository\org\springframework\boot\spring-boot\2.1.6.RELEASE\spring-boot-2.1.6.RELEASE.jar;F:\Maven\apache-maven-3.6.1\MavenRepository\org\springframework\boot\spring-boot-autoconfigure\2.1.6.RELEASE\spring-boot-autoconfigure-2.1.6.RELEASE.jar;F:\Maven\apache-maven-3.6.1\MavenRepository\org\mybatis\spring\boot\mybatis-spring-boot-starter\1.3.0\mybatis-spring-boot-starter-1.3.0.jar;F:\Maven\apache-maven-3.6.1\MavenRepository\org\mybatis\spring\boot\mybatis-spring-boot-autoconfigure\1.3.0\mybatis-spring-boot-autoconfigure-1.3.0.jar;F:\Maven\apache-maven-3.6.1\MavenRepository\org\mybatis\mybatis\3.4.4\mybatis-3.4.4.jar;F:\Maven\apache-maven-3.6.1\MavenRepository\org\mybatis\mybatis-spring\1.3.1\mybatis-spring-1.3.1.jar;F:\Maven\apache-maven-3.6.1\MavenRepository\mysql\mysql-connector-java\5.1.43\mysql-connector-java-5.1.43.jar;F:\Maven\apache-maven-3.6.1\MavenRepository\org\springframework\boot\spring-boot-starter-jdbc\2.1.6.RELEASE\spring-boot-starter-jdbc-2.1.6.RELEASE.jar;F:\Maven\apache-maven-3.6.1\MavenRepository\com\zaxxer\HikariCP\3.2.0\HikariCP-3.2.0.jar;F:\Maven\apache-maven-3.6.1\MavenRepository\org\springframework\spring-jdbc\5.1.8.RELEASE\spring-jdbc-5.1.8.RELEASE.jar;F:\Maven\apache-maven-3.6.1\MavenRepository\org\projectlombok\lombok\1.18.8\lombok-1.18.8.jar;F:\Maven\apache-maven-3.6.1\MavenRepository\junit\junit\4.12\junit-4.12.jar;F:\Maven\apache-maven-3.6.1\MavenRepository\com\alibaba\fastjson\1.2.58\fastjson-1.2.58.jar;F:\Maven\apache-maven-3.6.1\MavenRepository\org\springframework\data\spring-data-redis\2.1.8.RELEASE\spring-data-redis-2.1.8.RELEASE.jar;F:\Maven\apache-maven-3.6.1\MavenRepository\org\springframework\data\spring-data-keyvalue\2.1.9.RELEASE\spring-data-keyvalue-2.1.9.RELEASE.jar;F:\Maven\apache-maven-3.6.1\MavenRepository\org\springframework\data\spring-data-commons\2.1.9.RELEASE\spring-data-commons-2.1.9.RELEASE.jar;F:\Maven\apache-maven-3.6.1\MavenRepository\org\springframework\spring-tx\5.1.8.RELEASE\spring-tx-5.1.8.RELEASE.jar;F:\Maven\apache-maven-3.6.1\MavenRepository\org\springframework\spring-oxm\5.1.8.RELEASE\spring-oxm-5.1.8.RELEASE.jar;F:\Maven\apache-maven-3.6.1\MavenRepository\org\springframework\spring-aop\5.1.8.RELEASE\spring-aop-5.1.8.RELEASE.jar;F:\Maven\apache-maven-3.6.1\MavenRepository\org\springframework\spring-context-support\5.1.8.RELEASE\spring-context-support-5.1.8.RELEASE.jar;F:\Maven\apache-maven-3.6.1\MavenRepository\org\slf4j\slf4j-api\1.7.26\slf4j-api-1.7.26.jar;F:\Maven\apache-maven-3.6.1\MavenRepository\org\springframework\boot\spring-boot-starter-data-redis\1.4.7.RELEASE\spring-boot-starter-data-redis-1.4.7.RELEASE.jar;F:\Maven\apache-maven-3.6.1\MavenRepository\redis\clients\jedis\2.9.3\jedis-2.9.3.jar;F:\Maven\apache-maven-3.6.1\MavenRepository\org\apache\commons\commons-pool2\2.6.2\commons-pool2-2.6.2.jar;F:\Maven\apache-maven-3.6.1\MavenRepository\org\jetbrains\annotations\17.0.0\annotations-17.0.0.jar;F:\Maven\apache-maven-3.6.1\MavenRepository\org\jsoup\jsoup\1.11.3\jsoup-1.11.3.jar;F:\Maven\apache-maven-3.6.1\MavenRepository\org\httpunit\httpunit\1.7.2\httpunit-1.7.2.jar;F:\Maven\apache-maven-3.6.1\MavenRepository\rhino\js\1.6R5\js-1.6R5.jar;F:\Maven\apache-maven-3.6.1\MavenRepository\nekohtml\nekohtml\0.9.5\nekohtml-0.9.5.jar;F:\Maven\apache-maven-3.6.1\MavenRepository\javax\servlet\servlet-api\2.4\servlet-api-2.4.jar;F:\Maven\apache-maven-3.6.1\MavenRepository\net\sf\jtidy\jtidy\r938\jtidy-r938.jar;F:\Maven\apache-maven-3.6.1\MavenRepository\xerces\xercesImpl\2.6.1\xercesImpl-2.6.1.jar;F:\Maven\apache-maven-3.6.1\MavenRepository\xerces\xmlParserAPIs\2.6.1\xmlParserAPIs-2.6.1.jar;F:\Maven\apache-maven-3.6.1\MavenRepository\org\junit\jupiter\junit-jupiter-api\5.5.1\junit-jupiter-api-5.5.1.jar;F:\Maven\apache-maven-3.6.1\MavenRepository\org\apiguardian\apiguardian-api\1.1.0\apiguardian-api-1.1.0.jar;F:\Maven\apache-maven-3.6.1\MavenRepository\org\opentest4j\opentest4j\1.2.0\opentest4j-1.2.0.jar;F:\Maven\apache-maven-3.6.1\MavenRepository\org\junit\platform\junit-platform-commons\1.3.2\junit-platform-commons-1.3.2.jar;F:\Maven\apache-maven-3.6.1\MavenRepository\org\springframework\boot\spring-boot-test\2.1.6.RELEASE\spring-boot-test-2.1.6.RELEASE.jar;F:\Maven\apache-maven-3.6.1\MavenRepository\commons-net\commons-net\3.3\commons-net-3.3.jar;F:\Maven\apache-maven-3.6.1\MavenRepository\com\aliyun\aliyun-java-sdk-core\4.0.3\aliyun-java-sdk-core-4.0.3.jar;F:\Maven\apache-maven-3.6.1\MavenRepository\com\google\code\gson\gson\2.8.5\gson-2.8.5.jar;F:\Maven\apache-maven-3.6.1\MavenRepository\org\apache\httpcomponents\httpclient\4.5.9\httpclient-4.5.9.jar;F:\Maven\apache-maven-3.6.1\MavenRepository\org\apache\httpcomponents\httpcore\4.4.11\httpcore-4.4.11.jar;F:\Maven\apache-maven-3.6.1\MavenRepository\commons-codec\commons-codec\1.11\commons-codec-1.11.jar;F:\Maven\apache-maven-3.6.1\MavenRepository\javax\xml\bind\jaxb-api\2.3.1\jaxb-api-2.3.1.jar;F:\Maven\apache-maven-3.6.1\MavenRepository\javax\activation\javax.activation-api\1.2.0\javax.activation-api-1.2.0.jar;F:\Maven\apache-maven-3.6.1\MavenRepository\com\sun\xml\bind\jaxb-core\2.1.14\jaxb-core-2.1.14.jar;F:\Maven\apache-maven-3.6.1\MavenRepository\com\sun\xml\bind\jaxb-impl\2.1\jaxb-impl-2.1.jar;F:\Maven\apache-maven-3.6.1\MavenRepository\javax\activation\activation\1.1.1\activation-1.1.1.jar;F:\Maven\apache-maven-3.6.1\MavenRepository\com\alipay\sdk\alipay-sdk-java\3.4.49.ALL\alipay-sdk-java-3.4.49.ALL.jar;F:\Maven\apache-maven-3.6.1\MavenRepository\commons-logging\commons-logging\1.1.1\commons-logging-1.1.1.jar;"/>
    <property name="sun.cpu.endian" value="little"/>
    <property name="user.home" value="C:\Users\Administrator"/>
    <property name="user.language" value="zh"/>
    <property name="java.specification.vendor" value="Oracle Corporation"/>
    <property name="java.home" value="F:\jdk8\jre"/>
    <property name="basedir" value="F:\360MoveData\Users\Administrator\Desktop\桌面文件\第三小组项目\ctrip"/>
    <property name="file.separator" value="\"/>
    <property name="line.separator" value="&#10;"/>
    <property name="java.vm.specification.vendor" value="Oracle Corporation"/>
    <property name="java.specification.name" value="Java Platform API Specification"/>
    <property name="java.awt.graphicsenv" value="sun.awt.Win32GraphicsEnvironment"/>
    <property name="surefire.real.class.path" value="C:\Users\ADMINI~1\AppData\Local\Temp\surefire6678620538633964673\surefirebooter6975215347390026657.jar"/>
    <property name="sun.boot.class.path" value="F:\jdk8\jre\lib\resources.jar;F:\jdk8\jre\lib\rt.jar;F:\jdk8\jre\lib\sunrsasign.jar;F:\jdk8\jre\lib\jsse.jar;F:\jdk8\jre\lib\jce.jar;F:\jdk8\jre\lib\charsets.jar;F:\jdk8\jre\lib\jfr.jar;F:\jdk8\jre\classes"/>
    <property name="user.script" value=""/>
    <property name="sun.management.compiler" value="HotSpot 64-Bit Tiered Compilers"/>
    <property name="java.runtime.version" value="1.8.0_201-b09"/>
    <property name="user.name" value="Administrator"/>
    <property name="path.separator" value=";"/>
    <property name="os.version" value="10.0"/>
    <property name="java.endorsed.dirs" value="F:\jdk8\jre\lib\endorsed"/>
    <property name="java.runtime.name" value="Java(TM) SE Runtime Environment"/>
    <property name="file.encoding" value="GBK"/>
    <property name="java.vm.name" value="Java HotSpot(TM) 64-Bit Server VM"/>
    <property name="localRepository" value="F:\Maven\apache-maven-3.6.1\MavenRepository"/>
    <property name="java.vendor.url.bug" value="http://bugreport.sun.com/bugreport/"/>
    <property name="java.io.tmpdir" value="C:\Users\ADMINI~1\AppData\Local\Temp\"/>
    <property name="java.version" value="1.8.0_201"/>
    <property name="user.dir" value="F:\360MoveData\Users\Administrator\Desktop\桌面文件\第三小组项目\ctrip"/>
    <property name="os.arch" value="amd64"/>
    <property name="java.vm.specification.name" value="Java Virtual Machine Specification"/>
    <property name="java.awt.printerjob" value="sun.awt.windows.WPrinterJob"/>
    <property name="idea.version2019.1.3" value="true"/>
    <property name="sun.os.patch.level" value=""/>
    <property name="java.library.path" value="F:\jdk8\jre\bin;C:\windows\Sun\Java\bin;C:\windows\system32;C:\windows;F:\Xshell 6\;F:\AndroidSDK\Sdk\platform-tools;F:\AndroidSDK\Sdk\tools;;F:\jdk8\bin;F:\TortoiseSVN\bin;E:\Git\Git\cmd;F:\Mysql\bin;F:\Maven\apache-maven-3.6.1\bin;c:\windows\system32;;."/>
    <property name="java.vm.info" value="mixed mode"/>
    <property name="java.vendor" value="Oracle Corporation"/>
    <property name="java.vm.version" value="25.201-b09"/>
    <property name="java.ext.dirs" value="F:\jdk8\jre\lib\ext;C:\windows\Sun\Java\lib\ext"/>
    <property name="sun.io.unicode.encoding" value="UnicodeLittle"/>
    <property name="java.class.version" value="52.0"/>
  </properties>
  <testcase name="initializationError" classname="com.example.ctrip.CtripApplicationTests" time="0">
    <error message="Method insertImg() should be public" type="java.lang.Exception">java.lang.Exception: Method insertImg() should be public
</error>
  </testcase>
</testsuite>